Performing system checks...

System check identified no issues (0 silenced).
February 01, 2023 - 22:31:40
Django version 3.1.2, using settings 'lpapi.settings'
Starting development server at http://127.0.0.1:8001/
Quit the server with CONTROL-C.
score 0.71875

Error trying parse completion for class 10_open
Error trying parse completion for class 10_open
Error trying parse completion for class 10_open
Error trying parse completion for class 10_open
Error trying parse completion for class 10_open
Error trying parse completion for class 11_open
Error trying parse completion for class 10_open
Error trying parse completion for class 10_open
Error trying parse completion for class 10_open
Error trying parse completion for class 10_open
Error trying parse completion for class 11_open
Error trying parse completion for class 11_open
Error trying parse completion for class 10_open
Error trying parse completion for class 10_open
Error trying parse completion for class 10_open
score 
score 0.7721520607196379

Error trying parse completion for class 10_open
Error trying parse completion for class 10_open
Error trying parse completion for class 10_open
Error trying parse completion for class 10_open
Error trying parse completion for class 10_open
Error trying parse completion for class 10_open
Error trying parse completion for class 10_open
Error trying parse completion for class 10_open
Error trying parse completion for class 10_open
score 0.8135245901639343

score 0.7569876543209877

score 0.91013671875

score 0.9487498133049429

score 0.81

score 0.7437641723356009

score 0.9199273334416077

score 0.9056862725505674

score 0.8449794234105023

score 0.9092046995828702

score 0.8981146766822341

score 0.7967723775567649

score 0.9259060193423914

score 0.8811646105891308

score 0.8059259259259259

score 0.9428324912012834

score 0.8949581501736475

score 0.9234785784288249

score 0.8712479038389769

score 0.8618976526160012

score 0.7825615678113077

score 0.9361882973556592

score 0.9484226916926185

score 0.9323614222222222

score 0.9624357814426227

score 0.8414526795128194

score 0.9112667865614745

score 0.9448317852866004

score 0.9041918832324671

score 0.943217902004427

score 0.51171875

score 0.8959936622906293

score 0.8530802360939919

score 0.90282511278166

score 0.7511120587581896

score 0.8808892190892652

score 0.87319735593656

score 0.8993854329407098

score 0.8413981401384083

score 0.7434567901234568

score 0.9012943405663281

score 0.8746551450027589

score 0.9042214175412508

Error trying parse completion for class 10_open
score 
score 0.9163655887518037

score 0.8719804248229904

score 0.9252014964258483

score 0.9364049293583733

score 0.771435950413223

score 0.9164833473316226

score 0.9022448979591837

score 0.59375

score 0.906105652137398

score 0.9250226630832561

score 0.7752060124903548

score 0.8549204304746238

score 0.8864434279325648

score 0.895411004678102

score 0.9453932770218413

score 0.8813669775707464

score 0.8724379022222223

score 0.9170153061224491

score 0.8778438237406382

score 0.9455921149143107

score 0.9524709015646887

score 0.9378378205394887

score 0.9043686677757385

score 0.8767089942796868

score 0.9381070163127117

score 0.9312347789044075

score 0.9262387409598948

score 0.9312682379776036

score 0.88035

score 0.8379661980121795

score 0.9041111961451247

score 0.9090383220041656

score 0.9582731547469178

